<?xml version="1.0" encoding="UTF-8"?>
<testng-results skipped="0" failed="0" ignored="0" total="2" passed="2">
  <reporter-output>
  </reporter-output>
  <suite name="Default suite" duration-ms="13065" started-at="2021-08-13T12:55:20 IST" finished-at="2021-08-13T12:55:33 IST">
    <groups>
    </groups>
    <test name="Default test" duration-ms="13065" started-at="2021-08-13T12:55:20 IST" finished-at="2021-08-13T12:55:33 IST">
      <class name="ExtendReportsPhase1.ExtendReportPhase1Test">
        <test-method status="PASS" signature="extendReportSetup()[pri:0, instance:ExtendReportsPhase1.ExtendReportPhase1Test@3234e239]" name="extendReportSetup" is-config="true" duration-ms="148" started-at="2021-08-13T12:55:20 IST" finished-at="2021-08-13T12:55:20 IST">
          <reporter-output>
          </reporter-output>
        </test-method> <!-- extendReportSetup -->
        <test-method status="PASS" signature="Testcase()[pri:0, instance:ExtendReportsPhase1.ExtendReportPhase1Test@3234e239]" name="Testcase" duration-ms="5727" started-at="2021-08-13T12:55:20 IST" finished-at="2021-08-13T12:55:25 IST">
          <reporter-output>
          </reporter-output>
        </test-method> <!-- Testcase -->
        <test-method status="PASS" signature="testcase1()[pri:0, instance:ExtendReportsPhase1.ExtendReportPhase1Test@3234e239]" name="testcase1" duration-ms="6665" started-at="2021-08-13T12:55:25 IST" finished-at="2021-08-13T12:55:32 IST">
          <reporter-output>
          </reporter-output>
        </test-method> <!-- testcase1 -->
        <test-method status="PASS" signature="extendreportend()[pri:0, instance:ExtendReportsPhase1.ExtendReportPhase1Test@3234e239]" name="extendreportend" is-config="true" duration-ms="476" started-at="2021-08-13T12:55:32 IST" finished-at="2021-08-13T12:55:33 IST">
          <reporter-output>
          </reporter-output>
        </test-method> <!-- extendreportend -->
      </class> <!-- ExtendReportsPhase1.ExtendReportPhase1Test -->
    </test> <!-- Default test -->
  </suite> <!-- Default suite -->
</testng-results>
