<?xml version="1.0" encoding="UTF-8"?>
<testng-results skipped="0" failed="0" ignored="0" total="2" passed="2">
  <reporter-output>
  </reporter-output>
  <suite name="Surefire suite" duration-ms="12430" started-at="2021-08-13T16:43:49 IST" finished-at="2021-08-13T16:44:01 IST">
    <groups>
    </groups>
    <test name="Surefire test" duration-ms="12430" started-at="2021-08-13T16:43:49 IST" finished-at="2021-08-13T16:44:01 IST">
      <class name="ExtendReportsPhase1.ExtendReportPhase1Test">
        <test-method status="PASS" signature="extendReportSetup()[pri:0, instance:ExtendReportsPhase1.ExtendReportPhase1Test@6ddf90b0]" name="extendReportSetup" is-config="true" duration-ms="176" started-at="2021-08-13T16:43:49 IST" finished-at="2021-08-13T16:43:49 IST">
          <reporter-output>
          </reporter-output>
        </test-method> <!-- extendReportSetup -->
        <test-method status="PASS" signature="Testcase()[pri:0, instance:ExtendReportsPhase1.ExtendReportPhase1Test@6ddf90b0]" name="Testcase" duration-ms="5667" started-at="2021-08-13T16:43:49 IST" finished-at="2021-08-13T16:43:55 IST">
          <reporter-output>
          </reporter-output>
        </test-method> <!-- Testcase -->
        <test-method status="PASS" signature="testcase1()[pri:0, instance:ExtendReportsPhase1.ExtendReportPhase1Test@6ddf90b0]" name="testcase1" duration-ms="5998" started-at="2021-08-13T16:43:55 IST" finished-at="2021-08-13T16:44:01 IST">
          <reporter-output>
          </reporter-output>
        </test-method> <!-- testcase1 -->
        <test-method status="PASS" signature="extendreportend()[pri:0, instance:ExtendReportsPhase1.ExtendReportPhase1Test@6ddf90b0]" name="extendreportend" is-config="true" duration-ms="548" started-at="2021-08-13T16:44:01 IST" finished-at="2021-08-13T16:44:01 IST">
          <reporter-output>
          </reporter-output>
        </test-method> <!-- extendreportend -->
      </class> <!-- ExtendReportsPhase1.ExtendReportPhase1Test -->
    </test> <!-- Surefire test -->
  </suite> <!-- Surefire suite -->
</testng-results>
